
*** Running vivado
    with args -log toplvl.vds -m64 -product Vivado -mode batch -messageDb vivado.pb -notrace -source toplvl.tcl


****** Vivado v2018.2 (64-bit)
  **** SW Build 2258646 on Thu Jun 14 20:02:38 MDT 2018
  **** IP Build 2256618 on Thu Jun 14 22:10:49 MDT 2018
    ** Copyright 1986-2018 Xilinx, Inc. All Rights Reserved.

source toplvl.tcl -notrace
Command: synth_design -top toplvl -part xc7z010clg400-1
Starting synth_design
Attempting to get a license for feature 'Synthesis' and/or device 'xc7z010'
INFO: [Common 17-349] Got license for feature 'Synthesis' and/or device 'xc7z010'
INFO: Launching helper process for spawning children vivado processes
INFO: Helper process launched with PID 24043 
---------------------------------------------------------------------------------
Starting RTL Elaboration : Time (s): cpu = 00:00:02 ; elapsed = 00:00:02 . Memory (MB): peak = 1258.316 ; gain = 79.906 ; free physical = 919 ; free virtual = 6390
---------------------------------------------------------------------------------
INFO: [Synth 8-638] synthesizing module 'toplvl' [/home/santy/Documentos/facultad/Sistemas-digitales/Tp_Final/codigo/toplvl.vhdl:13]
INFO: [Synth 8-638] synthesizing module 'driver' [/home/santy/Documentos/facultad/Sistemas-digitales/Tp_Final/codigo/driver.vhdl:17]
INFO: [Synth 8-638] synthesizing module 'uart_controler' [/home/santy/Documentos/facultad/Sistemas-digitales/Tp_Final/codigo/uart/uart_controler.vhdl:21]
	Parameter F bound to: 50000 - type: integer 
	Parameter min_baud bound to: 1200 - type: integer 
	Parameter ADD_W bound to: 19 - type: integer 
	Parameter num_data_bits bound to: 8 - type: integer 
INFO: [Synth 8-638] synthesizing module 'uart' [/home/santy/Documentos/facultad/Sistemas-digitales/Tp_Final/codigo/uart/uart.vhdl:22]
	Parameter F bound to: 50000 - type: integer 
	Parameter min_baud bound to: 1200 - type: integer 
	Parameter num_data_bits bound to: 8 - type: integer 
INFO: [Synth 8-638] synthesizing module 'receive' [/home/santy/Documentos/facultad/Sistemas-digitales/Tp_Final/codigo/uart/receive.vhdl:22]
	Parameter NDBits bound to: 8 - type: integer 
INFO: [Synth 8-256] done synthesizing module 'receive' (1#1) [/home/santy/Documentos/facultad/Sistemas-digitales/Tp_Final/codigo/uart/receive.vhdl:22]
INFO: [Synth 8-638] synthesizing module 'timing' [/home/santy/Documentos/facultad/Sistemas-digitales/Tp_Final/codigo/uart/timing.vhdl:21]
	Parameter F bound to: 50000 - type: integer 
	Parameter min_baud bound to: 1200 - type: integer 
INFO: [Synth 8-256] done synthesizing module 'timing' (2#1) [/home/santy/Documentos/facultad/Sistemas-digitales/Tp_Final/codigo/uart/timing.vhdl:21]
INFO: [Synth 8-256] done synthesizing module 'uart' (3#1) [/home/santy/Documentos/facultad/Sistemas-digitales/Tp_Final/codigo/uart/uart.vhdl:22]
WARNING: [Synth 8-614] signal 'dout' is read in the process but is not in the sensitivity list [/home/santy/Documentos/facultad/Sistemas-digitales/Tp_Final/codigo/uart/uart_controler.vhdl:43]
INFO: [Synth 8-256] done synthesizing module 'uart_controler' (4#1) [/home/santy/Documentos/facultad/Sistemas-digitales/Tp_Final/codigo/uart/uart_controler.vhdl:21]
INFO: [Synth 8-638] synthesizing module 'dual_ram' [/home/santy/Documentos/facultad/Sistemas-digitales/Tp_Final/codigo/dp_ram/dp_ram.vhdl:21]
	Parameter ADD_W bound to: 19 - type: integer 
	Parameter DATA_SIZE bound to: 8 - type: integer 
INFO: [Synth 8-256] done synthesizing module 'dual_ram' (5#1) [/home/santy/Documentos/facultad/Sistemas-digitales/Tp_Final/codigo/dp_ram/dp_ram.vhdl:21]
INFO: [Synth 8-638] synthesizing module 'rotador_controler' [/home/santy/Documentos/facultad/Sistemas-digitales/Tp_Final/codigo/rotacion/rotador_controler.vhdl:24]
	Parameter SIZE bound to: 8 - type: integer 
	Parameter ADDR_W bound to: 19 - type: integer 
INFO: [Synth 8-638] synthesizing module 'rotador' [/home/santy/Documentos/facultad/Sistemas-digitales/Tp_Final/codigo/rotacion/rotador.vhdl:25]
	Parameter SIZE bound to: 8 - type: integer 
	Parameter ADDR_W bound to: 19 - type: integer 
WARNING: [Synth 8-614] signal 'reset' is read in the process but is not in the sensitivity list [/home/santy/Documentos/facultad/Sistemas-digitales/Tp_Final/codigo/rotacion/rotador.vhdl:36]
WARNING: [Synth 8-614] signal 'ram_read_data' is read in the process but is not in the sensitivity list [/home/santy/Documentos/facultad/Sistemas-digitales/Tp_Final/codigo/rotacion/rotador.vhdl:36]
WARNING: [Synth 8-614] signal 'x_rot' is read in the process but is not in the sensitivity list [/home/santy/Documentos/facultad/Sistemas-digitales/Tp_Final/codigo/rotacion/rotador.vhdl:36]
WARNING: [Synth 8-614] signal 'y_rot' is read in the process but is not in the sensitivity list [/home/santy/Documentos/facultad/Sistemas-digitales/Tp_Final/codigo/rotacion/rotador.vhdl:36]
INFO: [Synth 8-638] synthesizing module 'rotador_equ' [/home/santy/Documentos/facultad/Sistemas-digitales/Tp_Final/codigo/rotacion/rotador_equ.vhdl:26]
	Parameter SIZE bound to: 8 - type: integer 
INFO: [Synth 8-638] synthesizing module 'pre_cordic' [/home/santy/Documentos/facultad/Sistemas-digitales/Tp_Final/codigo/rotacion/cordic/pre_cordic.vhdl:24]
	Parameter SIZE bound to: 8 - type: integer 
INFO: [Synth 8-638] synthesizing module 'cordic_iter' [/home/santy/Documentos/facultad/Sistemas-digitales/Tp_Final/codigo/rotacion/cordic/cordic_iter.vhdl:25]
	Parameter SIZE bound to: 8 - type: integer 
INFO: [Synth 8-638] synthesizing module 'cordic' [/home/santy/Documentos/facultad/Sistemas-digitales/Tp_Final/codigo/rotacion/cordic/cordic.vhdl:22]
	Parameter SIZE bound to: 8 - type: integer 
INFO: [Synth 8-638] synthesizing module 'arctan_rom' [/home/santy/Documentos/facultad/Sistemas-digitales/Tp_Final/codigo/rotacion/cordic/arctan_rom.vhdl:17]
	Parameter ADD_W bound to: 3 - type: integer 
	Parameter DATA_W bound to: 10 - type: integer 
INFO: [Synth 8-256] done synthesizing module 'arctan_rom' (6#1) [/home/santy/Documentos/facultad/Sistemas-digitales/Tp_Final/codigo/rotacion/cordic/arctan_rom.vhdl:17]
INFO: [Synth 8-256] done synthesizing module 'cordic' (7#1) [/home/santy/Documentos/facultad/Sistemas-digitales/Tp_Final/codigo/rotacion/cordic/cordic.vhdl:22]
INFO: [Synth 8-256] done synthesizing module 'cordic_iter' (8#1) [/home/santy/Documentos/facultad/Sistemas-digitales/Tp_Final/codigo/rotacion/cordic/cordic_iter.vhdl:25]
INFO: [Synth 8-256] done synthesizing module 'pre_cordic' (9#1) [/home/santy/Documentos/facultad/Sistemas-digitales/Tp_Final/codigo/rotacion/cordic/pre_cordic.vhdl:24]
INFO: [Synth 8-256] done synthesizing module 'rotador_equ' (10#1) [/home/santy/Documentos/facultad/Sistemas-digitales/Tp_Final/codigo/rotacion/rotador_equ.vhdl:26]
INFO: [Synth 8-256] done synthesizing module 'rotador' (11#1) [/home/santy/Documentos/facultad/Sistemas-digitales/Tp_Final/codigo/rotacion/rotador.vhdl:25]
INFO: [Synth 8-256] done synthesizing module 'rotador_controler' (12#1) [/home/santy/Documentos/facultad/Sistemas-digitales/Tp_Final/codigo/rotacion/rotador_controler.vhdl:24]
INFO: [Synth 8-638] synthesizing module 'dual_ram__parameterized0' [/home/santy/Documentos/facultad/Sistemas-digitales/Tp_Final/codigo/dp_ram/dp_ram.vhdl:21]
	Parameter ADD_W bound to: 19 - type: integer 
	Parameter DATA_SIZE bound to: 1 - type: integer 
INFO: [Synth 8-256] done synthesizing module 'dual_ram__parameterized0' (12#1) [/home/santy/Documentos/facultad/Sistemas-digitales/Tp_Final/codigo/dp_ram/dp_ram.vhdl:21]
INFO: [Synth 8-638] synthesizing module 'vga_ctrl' [/home/santy/Documentos/facultad/Sistemas-digitales/Tp_Final/codigo/vga/vga_ctrl.vhdl:19]
	Parameter ADD_W bound to: 19 - type: integer 
INFO: [Synth 8-638] synthesizing module 'vga_sync' [/home/santy/Documentos/facultad/Sistemas-digitales/Tp_Final/codigo/vga/vga_sync.vhdl:18]
INFO: [Synth 8-256] done synthesizing module 'vga_sync' (13#1) [/home/santy/Documentos/facultad/Sistemas-digitales/Tp_Final/codigo/vga/vga_sync.vhdl:18]
INFO: [Synth 8-638] synthesizing module 'gen_pixels' [/home/santy/Documentos/facultad/Sistemas-digitales/Tp_Final/codigo/vga/gen_pixels.vhdl:21]
	Parameter ADD_W bound to: 19 - type: integer 
WARNING: [Synth 8-6014] Unused sequential element tmp_addres_reg was removed.  [/home/santy/Documentos/facultad/Sistemas-digitales/Tp_Final/codigo/vga/gen_pixels.vhdl:33]
INFO: [Synth 8-256] done synthesizing module 'gen_pixels' (14#1) [/home/santy/Documentos/facultad/Sistemas-digitales/Tp_Final/codigo/vga/gen_pixels.vhdl:21]
INFO: [Synth 8-256] done synthesizing module 'vga_ctrl' (15#1) [/home/santy/Documentos/facultad/Sistemas-digitales/Tp_Final/codigo/vga/vga_ctrl.vhdl:19]
INFO: [Synth 8-256] done synthesizing module 'driver' (16#1) [/home/santy/Documentos/facultad/Sistemas-digitales/Tp_Final/codigo/driver.vhdl:17]
WARNING: [Synth 8-5640] Port 'probe_out6' is missing in component declaration [/home/santy/Documentos/facultad/Sistemas-digitales/Tp_Final/codigo/toplvl.vhdl:15]
WARNING: [Synth 8-5640] Port 'probe_out7' is missing in component declaration [/home/santy/Documentos/facultad/Sistemas-digitales/Tp_Final/codigo/toplvl.vhdl:15]
INFO: [Synth 8-3491] module 'vio_0' declared at '/home/santy/Documentos/facultad/Sistemas-digitales/Tp_Final/vivado/vivado.runs/synth_1/.Xil/Vivado-24007-santy22/realtime/vio_0_stub.vhdl:5' bound to instance 'U_vio' of component 'vio_0' [/home/santy/Documentos/facultad/Sistemas-digitales/Tp_Final/codigo/toplvl.vhdl:49]
INFO: [Synth 8-638] synthesizing module 'vio_0' [/home/santy/Documentos/facultad/Sistemas-digitales/Tp_Final/vivado/vivado.runs/synth_1/.Xil/Vivado-24007-santy22/realtime/vio_0_stub.vhdl:20]
INFO: [Synth 8-6071] Mark debug on the nets applies keep_hierarchy on instance 'driver_inst'. This will prevent further optimization [/home/santy/Documentos/facultad/Sistemas-digitales/Tp_Final/codigo/toplvl.vhdl:31]
INFO: [Synth 8-256] done synthesizing module 'toplvl' (17#1) [/home/santy/Documentos/facultad/Sistemas-digitales/Tp_Final/codigo/toplvl.vhdl:13]
WARNING: [Synth 8-3331] design rotador has unconnected port start
---------------------------------------------------------------------------------
Finished RTL Elaboration : Time (s): cpu = 00:00:08 ; elapsed = 00:00:09 . Memory (MB): peak = 1651.176 ; gain = 472.766 ; free physical = 711 ; free virtual = 6212
---------------------------------------------------------------------------------

Report Check Netlist: 
+------+------------------+-------+---------+-------+------------------+
|      |Item              |Errors |Warnings |Status |Description       |
+------+------------------+-------+---------+-------+------------------+
|1     |multi_driven_nets |      0|        0|Passed |Multi driven nets |
+------+------------------+-------+---------+-------+------------------+
---------------------------------------------------------------------------------
Start Handling Custom Attributes
---------------------------------------------------------------------------------
---------------------------------------------------------------------------------
Finished Handling Custom Attributes : Time (s): cpu = 00:00:08 ; elapsed = 00:00:10 . Memory (MB): peak = 1651.176 ; gain = 472.766 ; free physical = 707 ; free virtual = 6215
---------------------------------------------------------------------------------
---------------------------------------------------------------------------------
Finished RTL Optimization Phase 1 : Time (s): cpu = 00:00:08 ; elapsed = 00:00:10 . Memory (MB): peak = 1651.176 ; gain = 472.766 ; free physical = 707 ; free virtual = 6215
---------------------------------------------------------------------------------
INFO: [Device 21-403] Loading part xc7z010clg400-1
INFO: [Project 1-570] Preparing netlist for logic optimization

Processing XDC Constraints
Initializing timing engine
Parsing XDC File [/home/santy/Documentos/facultad/Sistemas-digitales/Tp_Final/vivado/vivado.srcs/sources_1/ip/vio_0/vio_0/vio_0_in_context.xdc] for cell 'U_vio'
Finished Parsing XDC File [/home/santy/Documentos/facultad/Sistemas-digitales/Tp_Final/vivado/vivado.srcs/sources_1/ip/vio_0/vio_0/vio_0_in_context.xdc] for cell 'U_vio'
Parsing XDC File [/home/santy/Documentos/facultad/Sistemas-digitales/Tp_Final/constrains.xdc]
Finished Parsing XDC File [/home/santy/Documentos/facultad/Sistemas-digitales/Tp_Final/constrains.xdc]
INFO: [Project 1-236] Implementation specific constraints were found while reading constraint file [/home/santy/Documentos/facultad/Sistemas-digitales/Tp_Final/constrains.xdc]. These constraints will be ignored for synthesis but will be used in implementation. Impacted constraints are listed in the file [.Xil/toplvl_propImpl.xdc].
Resolution: To avoid this warning, move constraints listed in [.Xil/toplvl_propImpl.xdc] to another XDC file and exclude this new file from synthesis with the used_in_synthesis property (File Properties dialog in GUI) and re-run elaboration/synthesis.
Completed Processing XDC Constraints

INFO: [Project 1-111] Unisim Transformation Summary:
No Unisim elements were transformed.

Constraint Validation Runtime : Time (s): cpu = 00:00:00 ; elapsed = 00:00:00 . Memory (MB): peak = 1840.160 ; gain = 0.000 ; free physical = 414 ; free virtual = 5921
WARNING: [Timing 38-316] Clock period '10.000' specified during out-of-context synthesis of instance 'U_vio' at clock pin 'clk' is different from the actual clock period '8.000', this can lead to different synthesis results.
---------------------------------------------------------------------------------
Finished Constraint Validation : Time (s): cpu = 00:00:21 ; elapsed = 00:00:34 . Memory (MB): peak = 1840.160 ; gain = 661.750 ; free physical = 494 ; free virtual = 6002
---------------------------------------------------------------------------------
---------------------------------------------------------------------------------
Start Loading Part and Timing Information
---------------------------------------------------------------------------------
Loading part: xc7z010clg400-1
---------------------------------------------------------------------------------
Finished Loading Part and Timing Information : Time (s): cpu = 00:00:21 ; elapsed = 00:00:34 . Memory (MB): peak = 1840.160 ; gain = 661.750 ; free physical = 494 ; free virtual = 6002
---------------------------------------------------------------------------------
---------------------------------------------------------------------------------
Start Applying 'set_property' XDC Constraints
---------------------------------------------------------------------------------
Applied set_property DONT_TOUCH = true for U_vio. (constraint file  auto generated constraint, line ).
---------------------------------------------------------------------------------
Finished applying 'set_property' XDC Constraints : Time (s): cpu = 00:00:21 ; elapsed = 00:00:34 . Memory (MB): peak = 1840.160 ; gain = 661.750 ; free physical = 496 ; free virtual = 6003
---------------------------------------------------------------------------------
INFO: [Synth 8-802] inferred FSM for state register 'RxFsm_reg' in module 'receive'
INFO: [Synth 8-5544] ROM "RxFsm" won't be mapped to Block RAM because address size (1) smaller than threshold (5)
INFO: [Synth 8-5545] ROM "RxFsm" won't be mapped to RAM because address size (32) is larger than maximum supported(25)
INFO: [Synth 8-5545] ROM "TopTx" won't be mapped to RAM because address size (32) is larger than maximum supported(25)
INFO: [Synth 8-5545] ROM "ClkDiv" won't be mapped to RAM because address size (32) is larger than maximum supported(25)
INFO: [Synth 8-5545] ROM "TopRx" won't be mapped to RAM because address size (32) is larger than maximum supported(25)
INFO: [Synth 8-5545] ROM "RxDiv" won't be mapped to RAM because address size (32) is larger than maximum supported(25)
INFO: [Synth 8-5818] HDL ADVISOR - The operator resource <adder> is shared. To prevent sharing consider applying a KEEP on the output of the operator [/home/santy/Documentos/facultad/Sistemas-digitales/Tp_Final/codigo/rotacion/cordic/cordic.vhdl:63]
INFO: [Synth 8-5818] HDL ADVISOR - The operator resource <adder> is shared. To prevent sharing consider applying a KEEP on the output of the operator [/home/santy/Documentos/facultad/Sistemas-digitales/Tp_Final/codigo/rotacion/cordic/cordic.vhdl:64]
INFO: [Synth 8-5818] HDL ADVISOR - The operator resource <adder> is shared. To prevent sharing consider applying a KEEP on the output of the operator [/home/santy/Documentos/facultad/Sistemas-digitales/Tp_Final/codigo/rotacion/cordic/cordic.vhdl:65]
INFO: [Synth 8-5546] ROM "ack" won't be mapped to RAM because it is too sparse
INFO: [Synth 8-5546] ROM "read_addr_reg" won't be mapped to RAM because it is too sparse
INFO: [Synth 8-5546] ROM "h_end" won't be mapped to RAM because it is too sparse
INFO: [Synth 8-5546] ROM "v_end" won't be mapped to RAM because it is too sparse
---------------------------------------------------------------------------------------------------
                   State |                     New Encoding |                Previous Encoding 
---------------------------------------------------------------------------------------------------
                    idle |                              000 |                              000
                start_rx |                              001 |                              001
                  rx_ovf |                              010 |                              101
                 edge_rx |                              011 |                              010
                 stop_rx |                              100 |                              100
                shift_rx |                              101 |                              011
---------------------------------------------------------------------------------------------------
INFO: [Synth 8-3354] encoded FSM with state register 'RxFsm_reg' using encoding 'sequential' in module 'receive'
WARNING: [Synth 8-327] inferring latch for variable 'data_reg' [/home/santy/Documentos/facultad/Sistemas-digitales/Tp_Final/codigo/uart/uart_controler.vhdl:50]
WARNING: [Synth 8-327] inferring latch for variable 'addr_act_reg' [/home/santy/Documentos/facultad/Sistemas-digitales/Tp_Final/codigo/uart/uart_controler.vhdl:48]
WARNING: [Synth 8-327] inferring latch for variable 'state_reg' [/home/santy/Documentos/facultad/Sistemas-digitales/Tp_Final/codigo/rotacion/rotador.vhdl:42]
WARNING: [Synth 8-327] inferring latch for variable 'read_addr_reg_reg' [/home/santy/Documentos/facultad/Sistemas-digitales/Tp_Final/codigo/rotacion/rotador.vhdl:43]
WARNING: [Synth 8-327] inferring latch for variable 'write_addr_reg_reg' [/home/santy/Documentos/facultad/Sistemas-digitales/Tp_Final/codigo/rotacion/rotador.vhdl:44]
WARNING: [Synth 8-327] inferring latch for variable 'x_reg' [/home/santy/Documentos/facultad/Sistemas-digitales/Tp_Final/codigo/rotacion/rotador.vhdl:58]
---------------------------------------------------------------------------------
Finished RTL Optimization Phase 2 : Time (s): cpu = 00:00:23 ; elapsed = 00:00:37 . Memory (MB): peak = 1840.160 ; gain = 661.750 ; free physical = 564 ; free virtual = 6075
---------------------------------------------------------------------------------

Report RTL Partitions: 
+-+--------------+------------+----------+
| |RTL Partition |Replication |Instances |
+-+--------------+------------+----------+
+-+--------------+------------+----------+
---------------------------------------------------------------------------------
Start RTL Component Statistics 
---------------------------------------------------------------------------------
Detailed RTL Component Info : 
+---Adders : 
	   2 Input     32 Bit       Adders := 3     
	   2 Input     19 Bit       Adders := 2     
	   3 Input     10 Bit       Adders := 9     
	   2 Input     10 Bit       Adders := 8     
	   2 Input      4 Bit       Adders := 3     
+---XORs : 
	   2 Input      1 Bit         XORs := 6     
+---Registers : 
	               32 Bit    Registers := 3     
	               10 Bit    Registers := 20    
	                8 Bit    Registers := 3     
	                5 Bit    Registers := 3     
	                3 Bit    Registers := 1     
	                1 Bit    Registers := 13    
+---RAMs : 
	            4096K Bit         RAMs := 1     
	             512K Bit         RAMs := 1     
+---Muxes : 
	   6 Input     32 Bit        Muxes := 1     
	   2 Input     32 Bit        Muxes := 3     
	   2 Input     10 Bit        Muxes := 221   
	   8 Input      8 Bit        Muxes := 3     
	   2 Input      4 Bit        Muxes := 3     
	   6 Input      3 Bit        Muxes := 1     
	   2 Input      3 Bit        Muxes := 3     
	   2 Input      1 Bit        Muxes := 19    
	   6 Input      1 Bit        Muxes := 13    
---------------------------------------------------------------------------------
Finished RTL Component Statistics 
---------------------------------------------------------------------------------
---------------------------------------------------------------------------------
Start RTL Hierarchical Component Statistics 
---------------------------------------------------------------------------------
Hierarchical RTL Component report 
Module receive 
Detailed RTL Component Info : 
+---Adders : 
	   2 Input     32 Bit       Adders := 1     
+---Registers : 
	               32 Bit    Registers := 1     
	                8 Bit    Registers := 2     
	                1 Bit    Registers := 3     
+---Muxes : 
	   6 Input     32 Bit        Muxes := 1     
	   6 Input      3 Bit        Muxes := 1     
	   2 Input      3 Bit        Muxes := 2     
	   2 Input      1 Bit        Muxes := 1     
	   6 Input      1 Bit        Muxes := 9     
Module timing 
Detailed RTL Component Info : 
+---Adders : 
	   2 Input     32 Bit       Adders := 2     
+---Registers : 
	               32 Bit    Registers := 2     
	                1 Bit    Registers := 3     
+---Muxes : 
	   2 Input     32 Bit        Muxes := 3     
	   2 Input      1 Bit        Muxes := 3     
Module uart_controler 
Detailed RTL Component Info : 
+---Adders : 
	   2 Input     19 Bit       Adders := 1     
Module dual_ram 
Detailed RTL Component Info : 
+---Registers : 
	                8 Bit    Registers := 1     
+---RAMs : 
	            4096K Bit         RAMs := 1     
Module arctan_rom 
Detailed RTL Component Info : 
+---Muxes : 
	   8 Input      8 Bit        Muxes := 1     
Module cordic 
Detailed RTL Component Info : 
+---Adders : 
	   3 Input     10 Bit       Adders := 3     
+---Muxes : 
	   2 Input     10 Bit        Muxes := 65    
	   2 Input      1 Bit        Muxes := 1     
Module cordic_iter 
Detailed RTL Component Info : 
+---Adders : 
	   2 Input      4 Bit       Adders := 1     
+---Registers : 
	               10 Bit    Registers := 6     
	                5 Bit    Registers := 1     
	                1 Bit    Registers := 1     
+---Muxes : 
	   2 Input     10 Bit        Muxes := 3     
	   2 Input      4 Bit        Muxes := 1     
	   2 Input      1 Bit        Muxes := 3     
Module pre_cordic 
Detailed RTL Component Info : 
+---Adders : 
	   2 Input     10 Bit       Adders := 2     
+---XORs : 
	   2 Input      1 Bit         XORs := 1     
+---Muxes : 
	   2 Input     10 Bit        Muxes := 3     
Module rotador 
Detailed RTL Component Info : 
+---Adders : 
	   2 Input     19 Bit       Adders := 1     
+---Muxes : 
	   6 Input      1 Bit        Muxes := 4     
	   2 Input      1 Bit        Muxes := 1     
Module rotador_controler 
Detailed RTL Component Info : 
+---XORs : 
	   2 Input      1 Bit         XORs := 3     
+---Muxes : 
	   2 Input     10 Bit        Muxes := 6     
Module dual_ram__parameterized0 
Detailed RTL Component Info : 
+---Registers : 
	                1 Bit    Registers := 1     
+---RAMs : 
	             512K Bit         RAMs := 1     
Module vga_sync 
Detailed RTL Component Info : 
+---Adders : 
	   2 Input     10 Bit       Adders := 2     
+---Registers : 
	               10 Bit    Registers := 2     
	                1 Bit    Registers := 3     
+---Muxes : 
	   2 Input     10 Bit        Muxes := 2     
	   2 Input      1 Bit        Muxes := 2     
Module gen_pixels 
Detailed RTL Component Info : 
+---Registers : 
	                3 Bit    Registers := 1     
+---Muxes : 
	   2 Input      3 Bit        Muxes := 1     
---------------------------------------------------------------------------------
Finished RTL Hierarchical Component Statistics
---------------------------------------------------------------------------------
---------------------------------------------------------------------------------
Start Part Resource Summary
---------------------------------------------------------------------------------
Part Resources:
DSPs: 80 (col length:40)
BRAMs: 120 (col length: RAMB18 40 RAMB36 20)
---------------------------------------------------------------------------------
Finished Part Resource Summary
---------------------------------------------------------------------------------
---------------------------------------------------------------------------------
Start Cross Boundary and Area Optimization
---------------------------------------------------------------------------------
Warning: Parallel synthesis criteria is not met 
WARNING: [Synth 8-6014] Unused sequential element uart_inst/uart_inst/reception_unit/RxErr_reg was removed.  [/home/santy/Documentos/facultad/Sistemas-digitales/Tp_Final/codigo/uart/receive.vhdl:41]
WARNING: [Synth 8-6014] Unused sequential element uart_inst/uart_inst/timings_unit/TopTx_reg was removed.  [/home/santy/Documentos/facultad/Sistemas-digitales/Tp_Final/codigo/uart/timing.vhdl:48]
INFO: [Synth 8-5545] ROM "uart_inst/uart_inst/timings_unit/ClkDiv" won't be mapped to RAM because address size (32) is larger than maximum supported(25)
INFO: [Synth 8-5545] ROM "uart_inst/uart_inst/timings_unit/TopTx" won't be mapped to RAM because address size (32) is larger than maximum supported(25)
INFO: [Synth 8-5545] ROM "uart_inst/uart_inst/timings_unit/RxDiv" won't be mapped to RAM because address size (32) is larger than maximum supported(25)
INFO: [Synth 8-5545] ROM "uart_inst/uart_inst/timings_unit/TopRx" won't be mapped to RAM because address size (32) is larger than maximum supported(25)
INFO: [Synth 8-5546] ROM "rot_controler/rot/read_addr_reg" won't be mapped to RAM because it is too sparse
INFO: [Synth 8-5546] ROM "vga/vga_sync_unit/h_end" won't be mapped to RAM because it is too sparse
INFO: [Synth 8-5546] ROM "vga/vga_sync_unit/v_end" won't be mapped to RAM because it is too sparse
DSP Report: Generating DSP rot_controler/rot/write_addr_reg0, operation Mode is: C+(A:0x280)*B.
DSP Report: operator rot_controler/rot/write_addr_reg0 is absorbed into DSP rot_controler/rot/write_addr_reg0.
DSP Report: operator rot_controler/rot/multOp is absorbed into DSP rot_controler/rot/write_addr_reg0.
DSP Report: Generating DSP vga/pixeles/addrR_reg, operation Mode is: (C'+(A:0x280)*B2)'.
DSP Report: register vga/vga_sync_unit/v_count_reg is absorbed into DSP vga/pixeles/addrR_reg.
DSP Report: register vga/vga_sync_unit/h_count_reg is absorbed into DSP vga/pixeles/addrR_reg.
DSP Report: register vga/pixeles/addrR_reg is absorbed into DSP vga/pixeles/addrR_reg.
DSP Report: operator vga/pixeles/addrR0 is absorbed into DSP vga/pixeles/addrR_reg.
DSP Report: operator vga/pixeles/multOp is absorbed into DSP vga/pixeles/addrR_reg.
INFO: [Synth 8-3886] merging instance 'driver_inst/i_0/ram_instance/RAM_reg_mux_sel__95' (FD) to 'driver_inst/i_0/ram_instance/RAM_reg_mux_sel__102'
INFO: [Synth 8-3886] merging instance 'driver_inst/i_0/ram_instance/RAM_reg_mux_sel__79' (FD) to 'driver_inst/i_0/ram_instance/RAM_reg_mux_sel__102'
INFO: [Synth 8-3886] merging instance 'driver_inst/i_0/ram_instance/RAM_reg_mux_sel__63' (FD) to 'driver_inst/i_0/ram_instance/RAM_reg_mux_sel__70'
INFO: [Synth 8-3886] merging instance 'driver_inst/i_0/ram_instance/RAM_reg_mux_sel__47' (FD) to 'driver_inst/i_0/ram_instance/RAM_reg_mux_sel__102'
INFO: [Synth 8-3886] merging instance 'driver_inst/i_0/ram_instance/RAM_reg_mux_sel__31' (FD) to 'driver_inst/i_0/ram_instance/RAM_reg_mux_sel__102'
INFO: [Synth 8-3886] merging instance 'driver_inst/i_0/ram_instance/RAM_reg_mux_sel__15' (FD) to 'driver_inst/i_0/ram_instance/RAM_reg_mux_sel__70'
INFO: [Synth 8-3886] merging instance 'driver_inst/i_0/ram_instance/RAM_reg_mux_sel' (FD) to 'driver_inst/i_0/ram_instance/RAM_reg_mux_sel__6'
INFO: [Synth 8-3886] merging instance 'driver_inst/i_0/ram_instance/RAM_reg_mux_sel__96' (FD) to 'driver_inst/i_0/ram_instance/RAM_reg_mux_sel__102'
INFO: [Synth 8-3886] merging instance 'driver_inst/i_0/ram_instance/RAM_reg_mux_sel__80' (FD) to 'driver_inst/i_0/ram_instance/RAM_reg_mux_sel__102'
INFO: [Synth 8-3886] merging instance 'driver_inst/i_0/ram_instance/RAM_reg_mux_sel__64' (FD) to 'driver_inst/i_0/ram_instance/RAM_reg_mux_sel__70'
INFO: [Synth 8-3886] merging instance 'driver_inst/i_0/ram_instance/RAM_reg_mux_sel__48' (FD) to 'driver_inst/i_0/ram_instance/RAM_reg_mux_sel__102'
INFO: [Synth 8-3886] merging instance 'driver_inst/i_0/ram_instance/RAM_reg_mux_sel__32' (FD) to 'driver_inst/i_0/ram_instance/RAM_reg_mux_sel__102'
INFO: [Synth 8-3886] merging instance 'driver_inst/i_0/ram_instance/RAM_reg_mux_sel__16' (FD) to 'driver_inst/i_0/ram_instance/RAM_reg_mux_sel__70'
INFO: [Synth 8-3886] merging instance 'driver_inst/i_0/ram_instance/RAM_reg_mux_sel__0' (FD) to 'driver_inst/i_0/ram_instance/RAM_reg_mux_sel__6'
INFO: [Synth 8-3886] merging instance 'driver_inst/i_0/ram_instance/RAM_reg_mux_sel__97' (FD) to 'driver_inst/i_0/ram_instance/RAM_reg_mux_sel__102'
INFO: [Synth 8-3886] merging instance 'driver_inst/i_0/ram_instance/RAM_reg_mux_sel__81' (FD) to 'driver_inst/i_0/ram_instance/RAM_reg_mux_sel__102'
INFO: [Synth 8-3886] merging instance 'driver_inst/i_0/ram_instance/RAM_reg_mux_sel__65' (FD) to 'driver_inst/i_0/ram_instance/RAM_reg_mux_sel__70'
INFO: [Synth 8-3886] merging instance 'driver_inst/i_0/ram_instance/RAM_reg_mux_sel__49' (FD) to 'driver_inst/i_0/ram_instance/RAM_reg_mux_sel__102'
INFO: [Synth 8-3886] merging instance 'driver_inst/i_0/ram_instance/RAM_reg_mux_sel__33' (FD) to 'driver_inst/i_0/ram_instance/RAM_reg_mux_sel__102'
INFO: [Synth 8-3886] merging instance 'driver_inst/i_0/ram_instance/RAM_reg_mux_sel__17' (FD) to 'driver_inst/i_0/ram_instance/RAM_reg_mux_sel__70'
INFO: [Synth 8-3886] merging instance 'driver_inst/i_0/ram_instance/RAM_reg_mux_sel__1' (FD) to 'driver_inst/i_0/ram_instance/RAM_reg_mux_sel__6'
INFO: [Synth 8-3886] merging instance 'driver_inst/i_0/ram_instance/RAM_reg_mux_sel__98' (FD) to 'driver_inst/i_0/ram_instance/RAM_reg_mux_sel__102'
INFO: [Synth 8-3886] merging instance 'driver_inst/i_0/ram_instance/RAM_reg_mux_sel__82' (FD) to 'driver_inst/i_0/ram_instance/RAM_reg_mux_sel__102'
INFO: [Synth 8-3886] merging instance 'driver_inst/i_0/ram_instance/RAM_reg_mux_sel__66' (FD) to 'driver_inst/i_0/ram_instance/RAM_reg_mux_sel__70'
INFO: [Synth 8-3886] merging instance 'driver_inst/i_0/ram_instance/RAM_reg_mux_sel__50' (FD) to 'driver_inst/i_0/ram_instance/RAM_reg_mux_sel__102'
INFO: [Synth 8-3886] merging instance 'driver_inst/i_0/ram_instance/RAM_reg_mux_sel__34' (FD) to 'driver_inst/i_0/ram_instance/RAM_reg_mux_sel__102'
INFO: [Synth 8-3886] merging instance 'driver_inst/i_0/ram_instance/RAM_reg_mux_sel__18' (FD) to 'driver_inst/i_0/ram_instance/RAM_reg_mux_sel__70'
INFO: [Synth 8-3886] merging instance 'driver_inst/i_0/ram_instance/RAM_reg_mux_sel__2' (FD) to 'driver_inst/i_0/ram_instance/RAM_reg_mux_sel__6'
INFO: [Synth 8-3886] merging instance 'driver_inst/i_0/ram_instance/RAM_reg_mux_sel__99' (FD) to 'driver_inst/i_0/ram_instance/RAM_reg_mux_sel__102'
INFO: [Synth 8-3886] merging instance 'driver_inst/i_0/ram_instance/RAM_reg_mux_sel__83' (FD) to 'driver_inst/i_0/ram_instance/RAM_reg_mux_sel__102'
INFO: [Synth 8-3886] merging instance 'driver_inst/i_0/ram_instance/RAM_reg_mux_sel__67' (FD) to 'driver_inst/i_0/ram_instance/RAM_reg_mux_sel__70'
INFO: [Synth 8-3886] merging instance 'driver_inst/i_0/ram_instance/RAM_reg_mux_sel__51' (FD) to 'driver_inst/i_0/ram_instance/RAM_reg_mux_sel__102'
INFO: [Synth 8-3886] merging instance 'driver_inst/i_0/ram_instance/RAM_reg_mux_sel__35' (FD) to 'driver_inst/i_0/ram_instance/RAM_reg_mux_sel__102'
INFO: [Synth 8-3886] merging instance 'driver_inst/i_0/ram_instance/RAM_reg_mux_sel__19' (FD) to 'driver_inst/i_0/ram_instance/RAM_reg_mux_sel__70'
INFO: [Synth 8-3886] merging instance 'driver_inst/i_0/ram_instance/RAM_reg_mux_sel__3' (FD) to 'driver_inst/i_0/ram_instance/RAM_reg_mux_sel__6'
INFO: [Synth 8-3886] merging instance 'driver_inst/i_0/ram_instance/RAM_reg_mux_sel__100' (FD) to 'driver_inst/i_0/ram_instance/RAM_reg_mux_sel__102'
INFO: [Synth 8-3886] merging instance 'driver_inst/i_0/ram_instance/RAM_reg_mux_sel__84' (FD) to 'driver_inst/i_0/ram_instance/RAM_reg_mux_sel__102'
INFO: [Synth 8-3886] merging instance 'driver_inst/i_0/ram_instance/RAM_reg_mux_sel__68' (FD) to 'driver_inst/i_0/ram_instance/RAM_reg_mux_sel__70'
INFO: [Synth 8-3886] merging instance 'driver_inst/i_0/ram_instance/RAM_reg_mux_sel__52' (FD) to 'driver_inst/i_0/ram_instance/RAM_reg_mux_sel__102'
INFO: [Synth 8-3886] merging instance 'driver_inst/i_0/ram_instance/RAM_reg_mux_sel__36' (FD) to 'driver_inst/i_0/ram_instance/RAM_reg_mux_sel__102'
INFO: [Synth 8-3886] merging instance 'driver_inst/i_0/ram_instance/RAM_reg_mux_sel__20' (FD) to 'driver_inst/i_0/ram_instance/RAM_reg_mux_sel__70'
INFO: [Synth 8-3886] merging instance 'driver_inst/i_0/ram_instance/RAM_reg_mux_sel__4' (FD) to 'driver_inst/i_0/ram_instance/RAM_reg_mux_sel__6'
INFO: [Synth 8-3886] merging instance 'driver_inst/i_0/ram_instance/RAM_reg_mux_sel__101' (FD) to 'driver_inst/i_0/ram_instance/RAM_reg_mux_sel__102'
INFO: [Synth 8-3886] merging instance 'driver_inst/i_0/ram_instance/RAM_reg_mux_sel__85' (FD) to 'driver_inst/i_0/ram_instance/RAM_reg_mux_sel__102'
INFO: [Synth 8-3886] merging instance 'driver_inst/i_0/ram_instance/RAM_reg_mux_sel__69' (FD) to 'driver_inst/i_0/ram_instance/RAM_reg_mux_sel__70'
INFO: [Synth 8-3886] merging instance 'driver_inst/i_0/ram_instance/RAM_reg_mux_sel__53' (FD) to 'driver_inst/i_0/ram_instance/RAM_reg_mux_sel__102'
INFO: [Synth 8-3886] merging instance 'driver_inst/i_0/ram_instance/RAM_reg_mux_sel__37' (FD) to 'driver_inst/i_0/ram_instance/RAM_reg_mux_sel__102'
INFO: [Synth 8-3886] merging instance 'driver_inst/i_0/ram_instance/RAM_reg_mux_sel__21' (FD) to 'driver_inst/i_0/ram_instance/RAM_reg_mux_sel__70'
INFO: [Synth 8-3886] merging instance 'driver_inst/i_0/ram_instance/RAM_reg_mux_sel__5' (FD) to 'driver_inst/i_0/ram_instance/RAM_reg_mux_sel__6'
INFO: [Synth 8-3886] merging instance 'driver_inst/i_0/ram_instance/RAM_reg_mux_sel__102' (FD) to 'driver_inst/i_0/ram_instance/RAM_reg_mux_sel__86'
INFO: [Synth 8-3886] merging instance 'driver_inst/i_0/ram_instance/RAM_reg_mux_sel__86' (FD) to 'driver_inst/i_0/ram_instance/RAM_reg_mux_sel__54'
INFO: [Synth 8-3886] merging instance 'driver_inst/i_0/ram_instance/RAM_reg_mux_sel__70' (FD) to 'driver_inst/i_0/ram_instance/RAM_reg_mux_sel__22'
INFO: [Synth 8-3886] merging instance 'driver_inst/i_0/ram_instance/RAM_reg_mux_sel__54' (FD) to 'driver_inst/i_0/ram_instance/RAM_reg_mux_sel__38'
INFO: [Synth 8-3886] merging instance 'driver_inst/rot_controler/rot/x_reg[7]' (LD) to 'driver_inst/rot_controler/rot/x_reg[8]'
INFO: [Synth 8-3886] merging instance 'driver_inst/rot_controler/rot/x_reg[8]' (LD) to 'driver_inst/rot_controler/rot/x_reg[9]'
INFO: [Synth 8-3333] propagating constant 0 across sequential element (driver_inst/\rot_controler/rot/rot/rot_x/cor_type/n_iter_reg[4] )
INFO: [Synth 8-3333] propagating constant 0 across sequential element (driver_inst/\rot_controler/rot/rot/rot_y/cor_type/n_iter_reg[4] )
INFO: [Synth 8-3333] propagating constant 0 across sequential element (driver_inst/\rot_controler/rot/rot/rot_z/cor_type/n_iter_reg[4] )
INFO: [Synth 8-3886] merging instance 'driver_inst/i_19/vram_instance/RAM_reg_mux_sel__11' (FD) to 'driver_inst/i_19/vram_instance/RAM_reg_mux_sel__9'
INFO: [Synth 8-3886] merging instance 'driver_inst/i_19/vram_instance/RAM_reg_mux_sel__9' (FD) to 'driver_inst/i_19/vram_instance/RAM_reg_mux_sel__5'
INFO: [Synth 8-3886] merging instance 'driver_inst/i_19/vram_instance/RAM_reg_mux_sel__7' (FD) to 'driver_inst/i_19/vram_instance/RAM_reg_mux_sel__1'
INFO: [Synth 8-3886] merging instance 'driver_inst/i_19/vram_instance/RAM_reg_mux_sel__5' (FD) to 'driver_inst/i_19/vram_instance/RAM_reg_mux_sel__3'
INFO: [Synth 8-3886] merging instance 'driver_inst/rot_controler/rot/state_reg[2]' (LD) to 'driver_inst/rot_controler/rot/state_reg[0]'
INFO: [Synth 8-3886] merging instance 'driver_inst/rot_controler/rot/state_reg[1]' (LD) to 'driver_inst/rot_controler/rot/state_reg[0]'
INFO: [Synth 8-3333] propagating constant 0 across sequential element (driver_inst/\rot_controler/rot/state_reg[0] )
INFO: [Synth 8-3886] merging instance 'driver_inst/vga/pixeles/rgb_reg_reg[0]' (FDC) to 'driver_inst/vga/pixeles/rgb_reg_reg[1]'
INFO: [Synth 8-3886] merging instance 'driver_inst/vga/pixeles/rgb_reg_reg[1]' (FDC) to 'driver_inst/vga/pixeles/rgb_reg_reg[2]'
WARNING: [Synth 8-264] enable of latch driver_inst/\rot_controler/rot/read_addr_reg_reg[17]  is always disabled
WARNING: [Synth 8-264] enable of latch driver_inst/\rot_controler/rot/read_addr_reg_reg[17]  is always disabled
WARNING: [Synth 8-264] enable of latch driver_inst/\rot_controler/rot/read_addr_reg_reg[18]  is always disabled
WARNING: [Synth 8-264] enable of latch driver_inst/\rot_controler/rot/read_addr_reg_reg[18]  is always disabled
WARNING: [Synth 8-264] enable of latch driver_inst/\rot_controler/rot/read_addr_reg_reg[16]  is always disabled
WARNING: [Synth 8-264] enable of latch driver_inst/\rot_controler/rot/read_addr_reg_reg[16]  is always disabled
WARNING: [Synth 8-264] enable of latch driver_inst/\rot_controler/rot/read_addr_reg_reg[15]  is always disabled
WARNING: [Synth 8-264] enable of latch driver_inst/\rot_controler/rot/read_addr_reg_reg[15]  is always disabled
WARNING: [Synth 8-264] enable of latch driver_inst/\rot_controler/rot/read_addr_reg_reg[14]  is always disabled
WARNING: [Synth 8-264] enable of latch driver_inst/\rot_controler/rot/read_addr_reg_reg[14]  is always disabled
WARNING: [Synth 8-264] enable of latch driver_inst/\rot_controler/rot/read_addr_reg_reg[13]  is always disabled
WARNING: [Synth 8-264] enable of latch driver_inst/\rot_controler/rot/read_addr_reg_reg[13]  is always disabled
WARNING: [Synth 8-264] enable of latch driver_inst/\rot_controler/rot/read_addr_reg_reg[12]  is always disabled
WARNING: [Synth 8-264] enable of latch driver_inst/\rot_controler/rot/read_addr_reg_reg[12]  is always disabled
WARNING: [Synth 8-264] enable of latch driver_inst/\rot_controler/rot/read_addr_reg_reg[11]  is always disabled
WARNING: [Synth 8-264] enable of latch driver_inst/\rot_controler/rot/read_addr_reg_reg[11]  is always disabled
WARNING: [Synth 8-264] enable of latch driver_inst/\rot_controler/rot/read_addr_reg_reg[10]  is always disabled
WARNING: [Synth 8-264] enable of latch driver_inst/\rot_controler/rot/read_addr_reg_reg[10]  is always disabled
WARNING: [Synth 8-264] enable of latch driver_inst/\rot_controler/rot/read_addr_reg_reg[9]  is always disabled
WARNING: [Synth 8-264] enable of latch driver_inst/\rot_controler/rot/read_addr_reg_reg[9]  is always disabled
WARNING: [Synth 8-264] enable of latch driver_inst/\rot_controler/rot/read_addr_reg_reg[8]  is always disabled
WARNING: [Synth 8-264] enable of latch driver_inst/\rot_controler/rot/read_addr_reg_reg[8]  is always disabled
WARNING: [Synth 8-264] enable of latch driver_inst/\rot_controler/rot/read_addr_reg_reg[7]  is always disabled
WARNING: [Synth 8-264] enable of latch driver_inst/\rot_controler/rot/read_addr_reg_reg[7]  is always disabled
WARNING: [Synth 8-264] enable of latch driver_inst/\rot_controler/rot/read_addr_reg_reg[6]  is always disabled
WARNING: [Synth 8-264] enable of latch driver_inst/\rot_controler/rot/read_addr_reg_reg[6]  is always disabled
WARNING: [Synth 8-264] enable of latch driver_inst/\rot_controler/rot/read_addr_reg_reg[5]  is always disabled
WARNING: [Synth 8-264] enable of latch driver_inst/\rot_controler/rot/read_addr_reg_reg[5]  is always disabled
WARNING: [Synth 8-264] enable of latch driver_inst/\rot_controler/rot/read_addr_reg_reg[4]  is always disabled
WARNING: [Synth 8-264] enable of latch driver_inst/\rot_controler/rot/read_addr_reg_reg[4]  is always disabled
WARNING: [Synth 8-264] enable of latch driver_inst/\rot_controler/rot/read_addr_reg_reg[3]  is always disabled
WARNING: [Synth 8-264] enable of latch driver_inst/\rot_controler/rot/read_addr_reg_reg[3]  is always disabled
WARNING: [Synth 8-264] enable of latch driver_inst/\rot_controler/rot/read_addr_reg_reg[2]  is always disabled
WARNING: [Synth 8-264] enable of latch driver_inst/\rot_controler/rot/read_addr_reg_reg[2]  is always disabled
WARNING: [Synth 8-264] enable of latch driver_inst/\rot_controler/rot/read_addr_reg_reg[1]  is always disabled
WARNING: [Synth 8-264] enable of latch driver_inst/\rot_controler/rot/read_addr_reg_reg[1]  is always disabled
WARNING: [Synth 8-264] enable of latch driver_inst/\rot_controler/rot/read_addr_reg_reg[0]  is always disabled
WARNING: [Synth 8-264] enable of latch driver_inst/\rot_controler/rot/read_addr_reg_reg[0]  is always disabled
WARNING: [Synth 8-264] enable of latch driver_inst/\rot_controler/rot/x_reg[0]  is always disabled
WARNING: [Synth 8-264] enable of latch driver_inst/\rot_controler/rot/x_reg[0]  is always disabled
WARNING: [Synth 8-264] enable of latch driver_inst/\rot_controler/rot/x_reg[1]  is always disabled
WARNING: [Synth 8-264] enable of latch driver_inst/\rot_controler/rot/x_reg[1]  is always disabled
WARNING: [Synth 8-264] enable of latch driver_inst/\rot_controler/rot/x_reg[2]  is always disabled
WARNING: [Synth 8-264] enable of latch driver_inst/\rot_controler/rot/x_reg[2]  is always disabled
WARNING: [Synth 8-264] enable of latch driver_inst/\rot_controler/rot/x_reg[3]  is always disabled
WARNING: [Synth 8-264] enable of latch driver_inst/\rot_controler/rot/x_reg[3]  is always disabled
WARNING: [Synth 8-264] enable of latch driver_inst/\rot_controler/rot/x_reg[4]  is always disabled
WARNING: [Synth 8-264] enable of latch driver_inst/\rot_controler/rot/x_reg[4]  is always disabled
WARNING: [Synth 8-264] enable of latch driver_inst/\rot_controler/rot/x_reg[5]  is always disabled
WARNING: [Synth 8-264] enable of latch driver_inst/\rot_controler/rot/x_reg[5]  is always disabled
WARNING: [Synth 8-264] enable of latch driver_inst/\rot_controler/rot/x_reg[6]  is always disabled
WARNING: [Synth 8-264] enable of latch driver_inst/\rot_controler/rot/x_reg[6]  is always disabled
WARNING: [Synth 8-264] enable of latch driver_inst/\rot_controler/rot/x_reg[9]  is always disabled
WARNING: [Synth 8-264] enable of latch driver_inst/\rot_controler/rot/x_reg[9]  is always disabled
WARNING: [Synth 8-264] enable of latch driver_inst/\rot_controler/rot/write_addr_reg_reg[0]  is always disabled
WARNING: [Synth 8-264] enable of latch driver_inst/\rot_controler/rot/write_addr_reg_reg[0]  is always disabled
WARNING: [Synth 8-264] enable of latch driver_inst/\rot_controler/rot/write_addr_reg_reg[1]  is always disabled
WARNING: [Synth 8-264] enable of latch driver_inst/\rot_controler/rot/write_addr_reg_reg[1]  is always disabled
WARNING: [Synth 8-264] enable of latch driver_inst/\rot_controler/rot/write_addr_reg_reg[2]  is always disabled
WARNING: [Synth 8-264] enable of latch driver_inst/\rot_controler/rot/write_addr_reg_reg[2]  is always disabled
WARNING: [Synth 8-264] enable of latch driver_inst/\rot_controler/rot/write_addr_reg_reg[3]  is always disabled
WARNING: [Synth 8-264] enable of latch driver_inst/\rot_controler/rot/write_addr_reg_reg[3]  is always disabled
WARNING: [Synth 8-264] enable of latch driver_inst/\rot_controler/rot/write_addr_reg_reg[4]  is always disabled
WARNING: [Synth 8-264] enable of latch driver_inst/\rot_controler/rot/write_addr_reg_reg[4]  is always disabled
WARNING: [Synth 8-264] enable of latch driver_inst/\rot_controler/rot/write_addr_reg_reg[5]  is always disabled
WARNING: [Synth 8-264] enable of latch driver_inst/\rot_controler/rot/write_addr_reg_reg[5]  is always disabled
WARNING: [Synth 8-264] enable of latch driver_inst/\rot_controler/rot/write_addr_reg_reg[6]  is always disabled
WARNING: [Synth 8-264] enable of latch driver_inst/\rot_controler/rot/write_addr_reg_reg[6]  is always disabled
WARNING: [Synth 8-264] enable of latch driver_inst/\rot_controler/rot/write_addr_reg_reg[7]  is always disabled
WARNING: [Synth 8-264] enable of latch driver_inst/\rot_controler/rot/write_addr_reg_reg[7]  is always disabled
WARNING: [Synth 8-264] enable of latch driver_inst/\rot_controler/rot/write_addr_reg_reg[8]  is always disabled
WARNING: [Synth 8-264] enable of latch driver_inst/\rot_controler/rot/write_addr_reg_reg[8]  is always disabled
WARNING: [Synth 8-264] enable of latch driver_inst/\rot_controler/rot/write_addr_reg_reg[9]  is always disabled
WARNING: [Synth 8-264] enable of latch driver_inst/\rot_controler/rot/write_addr_reg_reg[9]  is always disabled
WARNING: [Synth 8-264] enable of latch driver_inst/\rot_controler/rot/write_addr_reg_reg[10]  is always disabled
WARNING: [Synth 8-264] enable of latch driver_inst/\rot_controler/rot/write_addr_reg_reg[10]  is always disabled
WARNING: [Synth 8-264] enable of latch driver_inst/\rot_controler/rot/write_addr_reg_reg[11]  is always disabled
WARNING: [Synth 8-264] enable of latch driver_inst/\rot_controler/rot/write_addr_reg_reg[11]  is always disabled
WARNING: [Synth 8-264] enable of latch driver_inst/\rot_controler/rot/write_addr_reg_reg[12]  is always disabled
WARNING: [Synth 8-264] enable of latch driver_inst/\rot_controler/rot/write_addr_reg_reg[12]  is always disabled
WARNING: [Synth 8-264] enable of latch driver_inst/\rot_controler/rot/write_addr_reg_reg[13]  is always disabled
WARNING: [Synth 8-264] enable of latch driver_inst/\rot_controler/rot/write_addr_reg_reg[13]  is always disabled
WARNING: [Synth 8-264] enable of latch driver_inst/\rot_controler/rot/write_addr_reg_reg[14]  is always disabled
WARNING: [Synth 8-264] enable of latch driver_inst/\rot_controler/rot/write_addr_reg_reg[14]  is always disabled
WARNING: [Synth 8-264] enable of latch driver_inst/\rot_controler/rot/write_addr_reg_reg[15]  is always disabled
WARNING: [Synth 8-264] enable of latch driver_inst/\rot_controler/rot/write_addr_reg_reg[15]  is always disabled
WARNING: [Synth 8-264] enable of latch driver_inst/\rot_controler/rot/write_addr_reg_reg[18]  is always disabled
WARNING: [Synth 8-264] enable of latch driver_inst/\rot_controler/rot/write_addr_reg_reg[18]  is always disabled
WARNING: [Synth 8-264] enable of latch driver_inst/\rot_controler/rot/write_addr_reg_reg[17]  is always disabled
WARNING: [Synth 8-264] enable of latch driver_inst/\rot_controler/rot/write_addr_reg_reg[17]  is always disabled
WARNING: [Synth 8-264] enable of latch driver_inst/\rot_controler/rot/write_addr_reg_reg[16]  is always disabled
WARNING: [Synth 8-264] enable of latch driver_inst/\rot_controler/rot/write_addr_reg_reg[16]  is always disabled
WARNING: [Synth 8-3332] Sequential element (ram_instance/RAM_reg_mux_sel__7) is unused and will be removed from module driver.
WARNING: [Synth 8-3332] Sequential element (ram_instance/RAM_reg_mux_sel__8) is unused and will be removed from module driver.
WARNING: [Synth 8-3332] Sequential element (ram_instance/RAM_reg_mux_sel__9) is unused and will be removed from module driver.
WARNING: [Synth 8-3332] Sequential element (ram_instance/RAM_reg_mux_sel__10) is unused and will be removed from module driver.
WARNING: [Synth 8-3332] Sequential element (ram_instance/RAM_reg_mux_sel__11) is unused and will be removed from module driver.
WARNING: [Synth 8-3332] Sequential element (ram_instance/RAM_reg_mux_sel__12) is unused and will be removed from module driver.
WARNING: [Synth 8-3332] Sequential element (ram_instance/RAM_reg_mux_sel__13) is unused and will be removed from module driver.
WARNING: [Synth 8-3332] Sequential element (ram_instance/RAM_reg_mux_sel__14) is unused and will be removed from module driver.
WARNING: [Synth 8-3332] Sequential element (ram_instance/RAM_reg_mux_sel__23) is unused and will be removed from module driver.
WARNING: [Synth 8-3332] Sequential element (ram_instance/RAM_reg_mux_sel__24) is unused and will be removed from module driver.
WARNING: [Synth 8-3332] Sequential element (ram_instance/RAM_reg_mux_sel__25) is unused and will be removed from module driver.
WARNING: [Synth 8-3332] Sequential element (ram_instance/RAM_reg_mux_sel__26) is unused and will be removed from module driver.
WARNING: [Synth 8-3332] Sequential element (ram_instance/RAM_reg_mux_sel__27) is unused and will be removed from module driver.
WARNING: [Synth 8-3332] Sequential element (ram_instance/RAM_reg_mux_sel__28) is unused and will be removed from module driver.
WARNING: [Synth 8-3332] Sequential element (ram_instance/RAM_reg_mux_sel__29) is unused and will be removed from module driver.
WARNING: [Synth 8-3332] Sequential element (ram_instance/RAM_reg_mux_sel__30) is unused and will be removed from module driver.
WARNING: [Synth 8-3332] Sequential element (ram_instance/RAM_reg_mux_sel__39) is unused and will be removed from module driver.
WARNING: [Synth 8-3332] Sequential element (ram_instance/RAM_reg_mux_sel__40) is unused and will be removed from module driver.
WARNING: [Synth 8-3332] Sequential element (ram_instance/RAM_reg_mux_sel__41) is unused and will be removed from module driver.
WARNING: [Synth 8-3332] Sequential element (ram_instance/RAM_reg_mux_sel__42) is unused and will be removed from module driver.
WARNING: [Synth 8-3332] Sequential element (ram_instance/RAM_reg_mux_sel__43) is unused and will be removed from module driver.
WARNING: [Synth 8-3332] Sequential element (ram_instance/RAM_reg_mux_sel__44) is unused and will be removed from module driver.
WARNING: [Synth 8-3332] Sequential element (ram_instance/RAM_reg_mux_sel__45) is unused and will be removed from module driver.
WARNING: [Synth 8-3332] Sequential element (ram_instance/RAM_reg_mux_sel__46) is unused and will be removed from module driver.
WARNING: [Synth 8-3332] Sequential element (ram_instance/RAM_reg_mux_sel__55) is unused and will be removed from module driver.
WARNING: [Synth 8-3332] Sequential element (ram_instance/RAM_reg_mux_sel__56) is unused and will be removed from module driver.
WARNING: [Synth 8-3332] Sequential element (ram_instance/RAM_reg_mux_sel__57) is unused and will be removed from module driver.
WARNING: [Synth 8-3332] Sequential element (ram_instance/RAM_reg_mux_sel__58) is unused and will be removed from module driver.
WARNING: [Synth 8-3332] Sequential element (ram_instance/RAM_reg_mux_sel__59) is unused and will be removed from module driver.
WARNING: [Synth 8-3332] Sequential element (ram_instance/RAM_reg_mux_sel__60) is unused and will be removed from module driver.
WARNING: [Synth 8-3332] Sequential element (ram_instance/RAM_reg_mux_sel__61) is unused and will be removed from module driver.
WARNING: [Synth 8-3332] Sequential element (ram_instance/RAM_reg_mux_sel__62) is unused and will be removed from module driver.
WARNING: [Synth 8-3332] Sequential element (ram_instance/RAM_reg_mux_sel__71) is unused and will be removed from module driver.
WARNING: [Synth 8-3332] Sequential element (ram_instance/RAM_reg_mux_sel__72) is unused and will be removed from module driver.
WARNING: [Synth 8-3332] Sequential element (ram_instance/RAM_reg_mux_sel__73) is unused and will be removed from module driver.
WARNING: [Synth 8-3332] Sequential element (ram_instance/RAM_reg_mux_sel__74) is unused and will be removed from module driver.
WARNING: [Synth 8-3332] Sequential element (ram_instance/RAM_reg_mux_sel__75) is unused and will be removed from module driver.
WARNING: [Synth 8-3332] Sequential element (ram_instance/RAM_reg_mux_sel__76) is unused and will be removed from module driver.
WARNING: [Synth 8-3332] Sequential element (ram_instance/RAM_reg_mux_sel__77) is unused and will be removed from module driver.
WARNING: [Synth 8-3332] Sequential element (ram_instance/RAM_reg_mux_sel__78) is unused and will be removed from module driver.
WARNING: [Synth 8-3332] Sequential element (ram_instance/RAM_reg_mux_sel__87) is unused and will be removed from module driver.
WARNING: [Synth 8-3332] Sequential element (ram_instance/RAM_reg_mux_sel__88) is unused and will be removed from module driver.
WARNING: [Synth 8-3332] Sequential element (ram_instance/RAM_reg_mux_sel__89) is unused and will be removed from module driver.
WARNING: [Synth 8-3332] Sequential element (ram_instance/RAM_reg_mux_sel__90) is unused and will be removed from module driver.
WARNING: [Synth 8-3332] Sequential element (ram_instance/RAM_reg_mux_sel__91) is unused and will be removed from module driver.
WARNING: [Synth 8-3332] Sequential element (ram_instance/RAM_reg_mux_sel__92) is unused and will be removed from module driver.
WARNING: [Synth 8-3332] Sequential element (ram_instance/RAM_reg_mux_sel__93) is unused and will be removed from module driver.
WARNING: [Synth 8-3332] Sequential element (ram_instance/RAM_reg_mux_sel__94) is unused and will be removed from module driver.
WARNING: [Synth 8-3332] Sequential element (rot_controler/rot/rot/rot_x/cor_type/n_iter_reg[4]) is unused and will be removed from module driver.
WARNING: [Synth 8-3332] Sequential element (rot_controler/rot/rot/rot_x/cor_type/z_out_reg[9]) is unused and will be removed from module driver.
WARNING: [Synth 8-3332] Sequential element (rot_controler/rot/rot/rot_x/cor_type/z_out_reg[8]) is unused and will be removed from module driver.
WARNING: [Synth 8-3332] Sequential element (rot_controler/rot/rot/rot_x/cor_type/z_out_reg[7]) is unused and will be removed from module driver.
WARNING: [Synth 8-3332] Sequential element (rot_controler/rot/rot/rot_x/cor_type/z_out_reg[6]) is unused and will be removed from module driver.
WARNING: [Synth 8-3332] Sequential element (rot_controler/rot/rot/rot_x/cor_type/z_out_reg[5]) is unused and will be removed from module driver.
WARNING: [Synth 8-3332] Sequential element (rot_controler/rot/rot/rot_x/cor_type/z_out_reg[4]) is unused and will be removed from module driver.
WARNING: [Synth 8-3332] Sequential element (rot_controler/rot/rot/rot_x/cor_type/z_out_reg[3]) is unused and will be removed from module driver.
WARNING: [Synth 8-3332] Sequential element (rot_controler/rot/rot/rot_x/cor_type/z_out_reg[2]) is unused and will be removed from module driver.
WARNING: [Synth 8-3332] Sequential element (rot_controler/rot/rot/rot_x/cor_type/z_out_reg[1]) is unused and will be removed from module driver.
WARNING: [Synth 8-3332] Sequential element (rot_controler/rot/rot/rot_x/cor_type/z_out_reg[0]) is unused and will be removed from module driver.
WARNING: [Synth 8-3332] Sequential element (rot_controler/rot/rot/rot_y/cor_type/n_iter_reg[4]) is unused and will be removed from module driver.
WARNING: [Synth 8-3332] Sequential element (rot_controler/rot/rot/rot_y/cor_type/x_out_reg[9]) is unused and will be removed from module driver.
WARNING: [Synth 8-3332] Sequential element (rot_controler/rot/rot/rot_y/cor_type/x_out_reg[8]) is unused and will be removed from module driver.
WARNING: [Synth 8-3332] Sequential element (rot_controler/rot/rot/rot_y/cor_type/x_out_reg[7]) is unused and will be removed from module driver.
WARNING: [Synth 8-3332] Sequential element (rot_controler/rot/rot/rot_y/cor_type/x_out_reg[6]) is unused and will be removed from module driver.
WARNING: [Synth 8-3332] Sequential element (rot_controler/rot/rot/rot_y/cor_type/x_out_reg[5]) is unused and will be removed from module driver.
WARNING: [Synth 8-3332] Sequential element (rot_controler/rot/rot/rot_y/cor_type/x_out_reg[4]) is unused and will be removed from module driver.
WARNING: [Synth 8-3332] Sequential element (rot_controler/rot/rot/rot_y/cor_type/x_out_reg[3]) is unused and will be removed from module driver.
WARNING: [Synth 8-3332] Sequential element (rot_controler/rot/rot/rot_y/cor_type/x_out_reg[2]) is unused and will be removed from module driver.
WARNING: [Synth 8-3332] Sequential element (rot_controler/rot/rot/rot_y/cor_type/x_out_reg[1]) is unused and will be removed from module driver.
WARNING: [Synth 8-3332] Sequential element (rot_controler/rot/rot/rot_y/cor_type/x_out_reg[0]) is unused and will be removed from module driver.
WARNING: [Synth 8-3332] Sequential element (rot_controler/rot/rot/rot_y/cor_type/z_out_reg[9]) is unused and will be removed from module driver.
WARNING: [Synth 8-3332] Sequential element (rot_controler/rot/rot/rot_y/cor_type/z_out_reg[8]) is unused and will be removed from module driver.
WARNING: [Synth 8-3332] Sequential element (rot_controler/rot/rot/rot_y/cor_type/z_out_reg[7]) is unused and will be removed from module driver.
WARNING: [Synth 8-3332] Sequential element (rot_controler/rot/rot/rot_y/cor_type/z_out_reg[6]) is unused and will be removed from module driver.
WARNING: [Synth 8-3332] Sequential element (rot_controler/rot/rot/rot_y/cor_type/z_out_reg[5]) is unused and will be removed from module driver.
WARNING: [Synth 8-3332] Sequential element (rot_controler/rot/rot/rot_y/cor_type/z_out_reg[4]) is unused and will be removed from module driver.
WARNING: [Synth 8-3332] Sequential element (rot_controler/rot/rot/rot_y/cor_type/z_out_reg[3]) is unused and will be removed from module driver.
WARNING: [Synth 8-3332] Sequential element (rot_controler/rot/rot/rot_y/cor_type/z_out_reg[2]) is unused and will be removed from module driver.
WARNING: [Synth 8-3332] Sequential element (rot_controler/rot/rot/rot_y/cor_type/z_out_reg[1]) is unused and will be removed from module driver.
WARNING: [Synth 8-3332] Sequential element (rot_controler/rot/rot/rot_y/cor_type/z_out_reg[0]) is unused and will be removed from module driver.
WARNING: [Synth 8-3332] Sequential element (rot_controler/rot/rot/rot_z/cor_type/n_iter_reg[4]) is unused and will be removed from module driver.
WARNING: [Synth 8-3332] Sequential element (rot_controler/rot/rot/rot_z/cor_type/z_out_reg[9]) is unused and will be removed from module driver.
WARNING: [Synth 8-3332] Sequential element (rot_controler/rot/rot/rot_z/cor_type/z_out_reg[8]) is unused and will be removed from module driver.
WARNING: [Synth 8-3332] Sequential element (rot_controler/rot/rot/rot_z/cor_type/z_out_reg[7]) is unused and will be removed from module driver.
WARNING: [Synth 8-3332] Sequential element (rot_controler/rot/rot/rot_z/cor_type/z_out_reg[6]) is unused and will be removed from module driver.
WARNING: [Synth 8-3332] Sequential element (rot_controler/rot/rot/rot_z/cor_type/z_out_reg[5]) is unused and will be removed from module driver.
WARNING: [Synth 8-3332] Sequential element (rot_controler/rot/rot/rot_z/cor_type/z_out_reg[4]) is unused and will be removed from module driver.
WARNING: [Synth 8-3332] Sequential element (rot_controler/rot/rot/rot_z/cor_type/z_out_reg[3]) is unused and will be removed from module driver.
WARNING: [Synth 8-3332] Sequential element (rot_controler/rot/rot/rot_z/cor_type/z_out_reg[2]) is unused and will be removed from module driver.
WARNING: [Synth 8-3332] Sequential element (rot_controler/rot/rot/rot_z/cor_type/z_out_reg[1]) is unused and will be removed from module driver.
WARNING: [Synth 8-3332] Sequential element (rot_controler/rot/rot/rot_z/cor_type/z_out_reg[0]) is unused and will be removed from module driver.
WARNING: [Synth 8-3332] Sequential element (rot_controler/rot/rot/rot_z/cor_type/ack_reg) is unused and will be removed from module driver.
WARNING: [Synth 8-3332] Sequential element (rot_controler/rot/state_reg[0]) is unused and will be removed from module driver.
WARNING: [Synth 8-3332] Sequential element (vram_instance/RAM_reg_mux_sel__0) is unused and will be removed from module driver.
WARNING: [Synth 8-3332] Sequential element (vram_instance/RAM_reg_mux_sel__2) is unused and will be removed from module driver.
WARNING: [Synth 8-3332] Sequential element (vram_instance/RAM_reg_mux_sel__4) is unused and will be removed from module driver.
WARNING: [Synth 8-3332] Sequential element (vram_instance/RAM_reg_mux_sel__6) is unused and will be removed from module driver.
WARNING: [Synth 8-3332] Sequential element (vram_instance/RAM_reg_mux_sel__8) is unused and will be removed from module driver.
WARNING: [Synth 8-3332] Sequential element (vram_instance/RAM_reg_mux_sel__10) is unused and will be removed from module driver.
WARNING: [Synth 8-3332] Sequential element (uart_inst/uart_inst/timings_unit/ClkDiv_reg[31]) is unused and will be removed from module driver.
INFO: [Common 17-14] Message 'Synth 8-3332' appears 100 times and further instances of the messages will be disabled. Use the Tcl command set_msg_config to change the current settings.
WARNING: [Synth 8-264] enable of latch driver_inst/\rot_controler/rot/read_addr_reg_reg[0]  is always disabled
WARNING: [Synth 8-264] enable of latch driver_inst/\rot_controler/rot/read_addr_reg_reg[0]  is always disabled
WARNING: [Synth 8-264] enable of latch driver_inst/\rot_controler/rot/read_addr_reg_reg[1]  is always disabled
WARNING: [Synth 8-264] enable of latch driver_inst/\rot_controler/rot/read_addr_reg_reg[1]  is always disabled
WARNING: [Synth 8-264] enable of latch driver_inst/\rot_controler/rot/read_addr_reg_reg[2]  is always disabled
WARNING: [Synth 8-264] enable of latch driver_inst/\rot_controler/rot/read_addr_reg_reg[2]  is always disabled
WARNING: [Synth 8-264] enable of latch driver_inst/\rot_controler/rot/read_addr_reg_reg[3]  is always disabled
WARNING: [Synth 8-264] enable of latch driver_inst/\rot_controler/rot/read_addr_reg_reg[3]  is always disabled
INFO: [Common 17-14] Message 'Synth 8-264' appears 100 times and further instances of the messages will be disabled. Use the Tcl command set_msg_config to change the current settings.
---------------------------------------------------------------------------------
Finished Cross Boundary and Area Optimization : Time (s): cpu = 00:00:29 ; elapsed = 00:00:44 . Memory (MB): peak = 2057.855 ; gain = 879.445 ; free physical = 777 ; free virtual = 6115
---------------------------------------------------------------------------------
---------------------------------------------------------------------------------
Start ROM, RAM, DSP and Shift Register Reporting
---------------------------------------------------------------------------------

Block RAM: Preliminary Mapping  Report (see note below)
+--------------------------+------------+------------------------+---+---+------------------------+---+---+------------------+--------+--------+
|Module Name               | RTL Object | PORT A (Depth x Width) | W | R | PORT B (Depth x Width) | W | R | Ports driving FF | RAMB18 | RAMB36 | 
+--------------------------+------------+------------------------+---+---+------------------------+---+---+------------------+--------+--------+
|dual_ram__parameterized0: | RAM_reg    | 512 K x 1(READ_FIRST)  | W |   | 512 K x 1(WRITE_FIRST) |   | R | Port A and B     | 0      | 16     | 
+--------------------------+------------+------------------------+---+---+------------------------+---+---+------------------+--------+--------+

Note: The tale above is a preliminary report that shows the Block RAMs at the current stage of the synthesis flow. Some Block RAMs may be reimplemented as non Block RAM primitives later in the synthesis flow. Multiple instantiated Block RAMs are reported only once. 

DSP: Preliminary Mapping  Report (see note below)
+------------+--------------------+--------+--------+--------+--------+--------+------+------+------+------+-------+------+------+
|Module Name | DSP Mapping        | A Size | B Size | C Size | D Size | P Size | AREG | BREG | CREG | DREG | ADREG | MREG | PREG | 
+------------+--------------------+--------+--------+--------+--------+--------+------+------+------+------+-------+------+------+
|rotador     | C+(A:0x280)*B      | 10     | 10     | 10     | -      | 19     | 0    | 0    | 0    | -    | -     | 0    | 0    | 
|driver      | (C'+(A:0x280)*B2)' | 10     | 10     | 10     | -      | 19     | 1    | 0    | 1    | -    | -     | 0    | 1    | 
+------------+--------------------+--------+--------+--------+--------+--------+------+------+------+------+-------+------+------+

Note: The table above is a preliminary report that shows the DSPs inferred at the current stage of the synthesis flow. Some DSP may be reimplemented as non DSP primitives later in the synthesis flow. Multiple instantiated DSPs are reported only once.
---------------------------------------------------------------------------------
Finished ROM, RAM, DSP and Shift Register Reporting
---------------------------------------------------------------------------------
INFO: [Synth 8-4480] The timing for the instance driver_inst/i_19/vram_instance/RAM_reg_1 (implemented as a block RAM) might be sub-optimal as no optional output register could be merged into the block ram. Providing additional output register may help in improving timing.
INFO: [Synth 8-4480] The timing for the instance driver_inst/i_19/vram_instance/RAM_reg_3 (implemented as a block RAM) might be sub-optimal as no optional output register could be merged into the block ram. Providing additional output register may help in improving timing.
INFO: [Synth 8-4480] The timing for the instance driver_inst/i_19/vram_instance/RAM_reg_5 (implemented as a block RAM) might be sub-optimal as no optional output register could be merged into the block ram. Providing additional output register may help in improving timing.
INFO: [Synth 8-4480] The timing for the instance driver_inst/i_19/vram_instance/RAM_reg_7 (implemented as a block RAM) might be sub-optimal as no optional output register could be merged into the block ram. Providing additional output register may help in improving timing.
INFO: [Synth 8-4480] The timing for the instance driver_inst/i_19/vram_instance/RAM_reg_9 (implemented as a block RAM) might be sub-optimal as no optional output register could be merged into the block ram. Providing additional output register may help in improving timing.
INFO: [Synth 8-4480] The timing for the instance driver_inst/i_19/vram_instance/RAM_reg_11 (implemented as a block RAM) might be sub-optimal as no optional output register could be merged into the block ram. Providing additional output register may help in improving timing.
INFO: [Synth 8-4480] The timing for the instance driver_inst/i_19/vram_instance/RAM_reg_13 (implemented as a block RAM) might be sub-optimal as no optional output register could be merged into the block ram. Providing additional output register may help in improving timing.
INFO: [Synth 8-4480] The timing for the instance driver_inst/i_19/vram_instance/RAM_reg_15 (implemented as a block RAM) might be sub-optimal as no optional output register could be merged into the block ram. Providing additional output register may help in improving timing.

Report RTL Partitions: 
+-+--------------+------------+----------+
| |RTL Partition |Replication |Instances |
+-+--------------+------------+----------+
+-+--------------+------------+----------+
---------------------------------------------------------------------------------
Start Applying XDC Timing Constraints
---------------------------------------------------------------------------------
---------------------------------------------------------------------------------
Finished Applying XDC Timing Constraints : Time (s): cpu = 00:00:38 ; elapsed = 00:00:55 . Memory (MB): peak = 2057.855 ; gain = 879.445 ; free physical = 616 ; free virtual = 5949
---------------------------------------------------------------------------------
---------------------------------------------------------------------------------
Start Timing Optimization
---------------------------------------------------------------------------------
---------------------------------------------------------------------------------
Finished Timing Optimization : Time (s): cpu = 00:00:38 ; elapsed = 00:00:55 . Memory (MB): peak = 2057.855 ; gain = 879.445 ; free physical = 612 ; free virtual = 5945
---------------------------------------------------------------------------------
---------------------------------------------------------------------------------
Start ROM, RAM, DSP and Shift Register Reporting
---------------------------------------------------------------------------------

Block RAM: Final Mapping  Report
+--------------------------+------------+------------------------+---+---+------------------------+---+---+------------------+--------+--------+
|Module Name               | RTL Object | PORT A (Depth x Width) | W | R | PORT B (Depth x Width) | W | R | Ports driving FF | RAMB18 | RAMB36 | 
+--------------------------+------------+------------------------+---+---+------------------------+---+---+------------------+--------+--------+
|dual_ram__parameterized0: | RAM_reg    | 512 K x 1(READ_FIRST)  | W |   | 512 K x 1(WRITE_FIRST) |   | R | Port A and B     | 0      | 16     | 
+--------------------------+------------+------------------------+---+---+------------------------+---+---+------------------+--------+--------+

---------------------------------------------------------------------------------
Finished ROM, RAM, DSP and Shift Register Reporting
---------------------------------------------------------------------------------

Report RTL Partitions: 
+-+--------------+------------+----------+
| |RTL Partition |Replication |Instances |
+-+--------------+------------+----------+
+-+--------------+------------+----------+
---------------------------------------------------------------------------------
Start Technology Mapping
---------------------------------------------------------------------------------
INFO: [Synth 8-4480] The timing for the instance driver_inst/vram_instance/RAM_reg_1 (implemented as a block RAM) might be sub-optimal as no optional output register could be merged into the block ram. Providing additional output register may help in improving timing.
INFO: [Synth 8-4480] The timing for the instance driver_inst/vram_instance/RAM_reg_3 (implemented as a block RAM) might be sub-optimal as no optional output register could be merged into the block ram. Providing additional output register may help in improving timing.
INFO: [Synth 8-4480] The timing for the instance driver_inst/vram_instance/RAM_reg_5 (implemented as a block RAM) might be sub-optimal as no optional output register could be merged into the block ram. Providing additional output register may help in improving timing.
INFO: [Synth 8-4480] The timing for the instance driver_inst/vram_instance/RAM_reg_7 (implemented as a block RAM) might be sub-optimal as no optional output register could be merged into the block ram. Providing additional output register may help in improving timing.
INFO: [Synth 8-4480] The timing for the instance driver_inst/vram_instance/RAM_reg_9 (implemented as a block RAM) might be sub-optimal as no optional output register could be merged into the block ram. Providing additional output register may help in improving timing.
INFO: [Synth 8-4480] The timing for the instance driver_inst/vram_instance/RAM_reg_11 (implemented as a block RAM) might be sub-optimal as no optional output register could be merged into the block ram. Providing additional output register may help in improving timing.
INFO: [Synth 8-4480] The timing for the instance driver_inst/vram_instance/RAM_reg_13 (implemented as a block RAM) might be sub-optimal as no optional output register could be merged into the block ram. Providing additional output register may help in improving timing.
INFO: [Synth 8-4480] The timing for the instance driver_inst/vram_instance/RAM_reg_15 (implemented as a block RAM) might be sub-optimal as no optional output register could be merged into the block ram. Providing additional output register may help in improving timing.
---------------------------------------------------------------------------------
Finished Technology Mapping : Time (s): cpu = 00:00:38 ; elapsed = 00:00:55 . Memory (MB): peak = 2057.855 ; gain = 879.445 ; free physical = 653 ; free virtual = 5987
---------------------------------------------------------------------------------

Report RTL Partitions: 
+-+--------------+------------+----------+
| |RTL Partition |Replication |Instances |
+-+--------------+------------+----------+
+-+--------------+------------+----------+
---------------------------------------------------------------------------------
Start IO Insertion
---------------------------------------------------------------------------------
---------------------------------------------------------------------------------
Start Flattening Before IO Insertion
---------------------------------------------------------------------------------
---------------------------------------------------------------------------------
Finished Flattening Before IO Insertion
---------------------------------------------------------------------------------
---------------------------------------------------------------------------------
Start Final Netlist Cleanup
---------------------------------------------------------------------------------
---------------------------------------------------------------------------------
Finished Final Netlist Cleanup
---------------------------------------------------------------------------------
---------------------------------------------------------------------------------
Finished IO Insertion : Time (s): cpu = 00:00:39 ; elapsed = 00:00:56 . Memory (MB): peak = 2057.855 ; gain = 879.445 ; free physical = 637 ; free virtual = 5985
---------------------------------------------------------------------------------

Report Check Netlist: 
+------+------------------+-------+---------+-------+------------------+
|      |Item              |Errors |Warnings |Status |Description       |
+------+------------------+-------+---------+-------+------------------+
|1     |multi_driven_nets |      0|        0|Passed |Multi driven nets |
+------+------------------+-------+---------+-------+------------------+
---------------------------------------------------------------------------------
Start Renaming Generated Instances
---------------------------------------------------------------------------------
---------------------------------------------------------------------------------
Finished Renaming Generated Instances : Time (s): cpu = 00:00:39 ; elapsed = 00:00:56 . Memory (MB): peak = 2057.855 ; gain = 879.445 ; free physical = 637 ; free virtual = 5985
---------------------------------------------------------------------------------

Report RTL Partitions: 
+-+--------------+------------+----------+
| |RTL Partition |Replication |Instances |
+-+--------------+------------+----------+
+-+--------------+------------+----------+
---------------------------------------------------------------------------------
Start Rebuilding User Hierarchy
---------------------------------------------------------------------------------
---------------------------------------------------------------------------------
Finished Rebuilding User Hierarchy : Time (s): cpu = 00:00:39 ; elapsed = 00:00:56 . Memory (MB): peak = 2057.855 ; gain = 879.445 ; free physical = 636 ; free virtual = 5984
---------------------------------------------------------------------------------
---------------------------------------------------------------------------------
Start Renaming Generated Ports
---------------------------------------------------------------------------------
---------------------------------------------------------------------------------
Finished Renaming Generated Ports : Time (s): cpu = 00:00:39 ; elapsed = 00:00:56 . Memory (MB): peak = 2057.855 ; gain = 879.445 ; free physical = 636 ; free virtual = 5984
---------------------------------------------------------------------------------
---------------------------------------------------------------------------------
Start Handling Custom Attributes
---------------------------------------------------------------------------------
---------------------------------------------------------------------------------
Finished Handling Custom Attributes : Time (s): cpu = 00:00:39 ; elapsed = 00:00:56 . Memory (MB): peak = 2057.855 ; gain = 879.445 ; free physical = 636 ; free virtual = 5984
---------------------------------------------------------------------------------
---------------------------------------------------------------------------------
Start Renaming Generated Nets
---------------------------------------------------------------------------------
---------------------------------------------------------------------------------
Finished Renaming Generated Nets : Time (s): cpu = 00:00:39 ; elapsed = 00:00:56 . Memory (MB): peak = 2057.855 ; gain = 879.445 ; free physical = 636 ; free virtual = 5984
---------------------------------------------------------------------------------
---------------------------------------------------------------------------------
Start Writing Synthesis Report
---------------------------------------------------------------------------------

Report BlackBoxes: 
+------+--------------+----------+
|      |BlackBox name |Instances |
+------+--------------+----------+
|1     |vio_0         |         1|
+------+--------------+----------+

Report Cell Usage: 
+------+-------------+------+
|      |Cell         |Count |
+------+-------------+------+
|1     |vio_0_bbox_0 |     1|
|2     |BUFG         |     1|
|3     |CARRY4       |    19|
|4     |DSP48E1      |     1|
|5     |LUT1         |     4|
|6     |LUT2         |    37|
|7     |LUT3         |    18|
|8     |LUT4         |    22|
|9     |LUT5         |    22|
|10    |LUT6         |    62|
|11    |MUXF7        |     1|
|12    |RAMB36E1     |     8|
|13    |RAMB36E1_1   |     8|
|14    |FDCE         |    85|
|15    |FDRE         |    24|
|16    |IBUF         |     3|
|17    |OBUF         |     6|
+------+-------------+------+

Report Instance Areas: 
+------+-----------------------+-------------------------+------+
|      |Instance               |Module                   |Cells |
+------+-----------------------+-------------------------+------+
|1     |top                    |                         |   329|
|2     |  driver_inst          |driver                   |   311|
|3     |    uart_inst          |uart_controler           |   203|
|4     |      uart_inst        |uart                     |   203|
|5     |        reception_unit |receive                  |    95|
|6     |        timings_unit   |timing                   |   108|
|7     |    vga                |vga_ctrl                 |    86|
|8     |      pixeles          |gen_pixels               |    11|
|9     |      vga_sync_unit    |vga_sync                 |    75|
|10    |    vram_instance      |dual_ram__parameterized0 |    22|
+------+-----------------------+-------------------------+------+
---------------------------------------------------------------------------------
Finished Writing Synthesis Report : Time (s): cpu = 00:00:39 ; elapsed = 00:00:56 . Memory (MB): peak = 2057.855 ; gain = 879.445 ; free physical = 636 ; free virtual = 5984
---------------------------------------------------------------------------------
Synthesis finished with 0 errors, 0 critical warnings and 472 warnings.
Synthesis Optimization Runtime : Time (s): cpu = 00:00:29 ; elapsed = 00:00:34 . Memory (MB): peak = 2057.855 ; gain = 690.461 ; free physical = 700 ; free virtual = 6047
Synthesis Optimization Complete : Time (s): cpu = 00:00:39 ; elapsed = 00:00:56 . Memory (MB): peak = 2057.863 ; gain = 879.445 ; free physical = 700 ; free virtual = 6047
INFO: [Project 1-571] Translating synthesized netlist
INFO: [Netlist 29-17] Analyzing 40 Unisim elements for replacement
INFO: [Netlist 29-28] Unisim Transformation completed in 0 CPU seconds
INFO: [Project 1-570] Preparing netlist for logic optimization
INFO: [Opt 31-138] Pushed 0 inverter(s) to 0 load pin(s).
INFO: [Project 1-111] Unisim Transformation Summary:
No Unisim elements were transformed.

INFO: [Common 17-83] Releasing license: Synthesis
158 Infos, 218 Warnings, 0 Critical Warnings and 0 Errors encountered.
synth_design completed successfully
synth_design: Time (s): cpu = 00:00:41 ; elapsed = 00:00:57 . Memory (MB): peak = 2089.871 ; gain = 923.008 ; free physical = 711 ; free virtual = 6048
WARNING: [Constraints 18-5210] No constraint will be written out.
INFO: [Common 17-1381] The checkpoint '/home/santy/Documentos/facultad/Sistemas-digitales/Tp_Final/vivado/vivado.runs/synth_1/toplvl.dcp' has been generated.
INFO: [runtcl-4] Executing : report_utilization -file toplvl_utilization_synth.rpt -pb toplvl_utilization_synth.pb
report_utilization: Time (s): cpu = 00:00:00.08 ; elapsed = 00:00:00.09 . Memory (MB): peak = 2113.883 ; gain = 0.000 ; free physical = 711 ; free virtual = 6048
INFO: [Common 17-206] Exiting Vivado at Tue Jan 21 20:02:41 2025...
